[2025-10-11 11:46:45] Daemon start.
[2025-10-11 12:02:36] Daemon start.
[master c250bcf] 🜂 Auto-update via Continuum Daemon @ 2025-10-11 12:03
 11 files changed, 126 insertions(+)
 create mode 100755 .git_ssh_wrapper.sh
 create mode 100644 0_OPERATIONS/Logbook/Continuum_Daemon.log
 create mode 100755 0_OPERATIONS/scripts/init_vault_token.sh
 create mode 100755 0_OPERATIONS/scripts/load_vault_token.sh
 create mode 100755 5_INFRA/Services/codex_continuum_daemon.sh
 create mode 100644 5_INFRA/Services/verify_continuum_integrity.sh
 create mode 100644 5_INFRA/Vault/SSH/resonantia_deploy_ed25519
 create mode 100644 5_INFRA/Vault/SSH/resonantia_deploy_ed25519.pub
 create mode 100644 5_INFRA/Vault/github_token.enc
 create mode 100644 5_INFRA/Vault/vault.key
To github.com:ResonantiaCollective/resonantia-canon-vault.git
   9fa52f6..c250bcf  master -> master
[2025-10-11 12:03] Push completed.
[master c79774a] 🜂 Auto-update via Continuum Daemon @ 2025-10-11 12:03
 3 files changed, 17 insertions(+)
 create mode 100644 0_OPERATIONS/Logbook/Continuum_Verification.log
 mode change 100644 => 100755 5_INFRA/Services/verify_continuum_integrity.sh
ERROR: We're doing an SSH key audit.
Reason: unverified automatically (private key found in a public repository)
Please visit https://github.com/ResonantiaCollective/resonantia-canon-vault/settings/keys/133565841 to approve this key so we know it's safe.

Fingerprint:
SHA256:EM/pbHWf5l7MBPi/V5Rvw71V2n5ti5qCqF5qwbKz29o

fatal: Could not read from remote repository.

Please make sure you have the correct access rights
and the repository exists.
[2025-10-11 12:03] Push completed.
[master 9d94334] 🜂 Auto-update via Continuum Daemon @ 2025-10-11 12:03
 2 files changed, 28 insertions(+)
ERROR: We're doing an SSH key audit.
Reason: unverified automatically (private key found in a public repository)
Please visit https://github.com/ResonantiaCollective/resonantia-canon-vault/settings/keys/133565841 to approve this key so we know it's safe.

Fingerprint:
SHA256:EM/pbHWf5l7MBPi/V5Rvw71V2n5ti5qCqF5qwbKz29o

fatal: Could not read from remote repository.

Please make sure you have the correct access rights
and the repository exists.
[2025-10-11 12:03] Push completed.
