🧭 [2025-10-11 12:56:28] Resonantia Watchdog active...
────────────────────────────────────────────
🧭 [2025-10-11 13:09:33] Resonantia Watchdog active...
────────────────────────────────────────────
🧭 [2025-10-11 13:15:13] Resonantia Watchdog active...
────────────────────────────────────────────
🧬 [2025-10-11 13:15:13] Auto-Heal Watchdog scanning...
────────────────────────────────────────────
🧭 [2025-10-11 13:16:36] Resonantia Watchdog active...
────────────────────────────────────────────
🧬 [2025-10-11 13:16:36] Auto-Heal Watchdog scanning...
────────────────────────────────────────────
🧬 [2025-10-11 13:16:36] Auto-Heal Watchdog scanning...
────────────────────────────────────────────
🧭 [2025-10-11 13:32:46] Resonantia Watchdog active...
✅ [2025-10-11 13:32:46] Verified: codex_snapshot_20251011_1326.gpg
────────────────────────────────────────────
🧬 [2025-10-11 13:32:46] Auto-Heal Watchdog scanning...
🟢 [2025-10-11 13:32:46] Verified: codex_snapshot_20251011_1326.gpg
────────────────────────────────────────────
🧬 [2025-10-11 13:32:46] Auto-Heal Watchdog scanning...
🟢 [2025-10-11 13:32:46] Verified: codex_snapshot_20251011_1326.gpg
────────────────────────────────────────────
🧭 [2025-10-11 13:33:59] Resonantia Watchdog active...
✅ [2025-10-11 13:33:59] Verified: codex_snapshot_20251011_1326.gpg
────────────────────────────────────────────
🧬 [2025-10-11 13:33:59] Auto-Heal Watchdog scanning...
🟢 [2025-10-11 13:33:59] Verified: codex_snapshot_20251011_1326.gpg
────────────────────────────────────────────
🧬 [2025-10-11 13:33:59] Auto-Heal Watchdog scanning...
🟢 [2025-10-11 13:33:59] Verified: codex_snapshot_20251011_1326.gpg
────────────────────────────────────────────
🧭 [2025-10-11 13:34:29] Resonantia Watchdog active...
✅ [2025-10-11 13:34:29] Verified: codex_snapshot_20251011_1326.gpg
────────────────────────────────────────────
🧬 [2025-10-11 13:34:29] Auto-Heal Watchdog scanning...
🟢 [2025-10-11 13:34:29] Verified: codex_snapshot_20251011_1326.gpg
────────────────────────────────────────────
🧬 [2025-10-11 13:34:29] Auto-Heal Watchdog scanning...
🟢 [2025-10-11 13:34:29] Verified: codex_snapshot_20251011_1326.gpg
────────────────────────────────────────────
🧬 [2025-10-11 13:37:13] Auto-Heal Watchdog scanning...
────────────────────────────────────────────
🧭 [2025-10-11 13:37:23] Resonantia Watchdog active...
✅ [2025-10-11 13:37:23] Verified: codex_snapshot_20251011_1326.gpg
────────────────────────────────────────────
🧬 [2025-10-11 13:37:23] Auto-Heal Watchdog scanning...
